#
# There is insufficient memory for the Java Runtime Environment to continue.
# Native memory allocation (malloc) failed to allocate 1483696 bytes for Chunk::new
# Possible reasons:
#   The system is out of physical RAM or swap space
#   The process is running with CompressedOops enabled, and the Java Heap may be blocking the growth of the native heap
# Possible solutions:
#   Reduce memory load on the system
#   Increase physical memory or swap space
#   Check if swap backing store is full
#   Decrease Java heap size (-Xmx/-Xms)
#   Decrease number of Java threads
#   Decrease Java thread stack sizes (-Xss)
#   Set larger code cache with -XX:ReservedCodeCacheSize=
#   JVM is running with Unscaled Compressed Oops mode in which the Java heap is
#     placed in the first 4GB address space. The Java Heap base address is the
#     maximum limit for the native heap growth. Please use -XX:HeapBaseMinAddress
#     to set the Java Heap base and to place the Java Heap above 4GB virtual address.
# This output file may be truncated or incomplete.
#
#  Out of Memory Error (arena.cpp:189), pid=14180, tid=13816
#
# JRE version: OpenJDK Runtime Environment Temurin-17.0.3+7 (17.0.3+7) (build 17.0.3+7)
# Java VM: OpenJDK 64-Bit Server VM Temurin-17.0.3+7 (17.0.3+7, mixed mode, tiered, compressed oops, compressed class ptrs, parallel gc, windows-amd64)
# No core dump will be written. Minidumps are not enabled by default on client versions of Windows
#

---------------  S U M M A R Y ------------

Command Line: --add-modules=ALL-SYSTEM --add-opens=java.base/java.util=ALL-UNNAMED --add-opens=java.base/java.lang=ALL-UNNAMED --add-opens=java.base/sun.nio.fs=ALL-UNNAMED -Declipse.application=org.eclipse.jdt.ls.core.id1 -Dosgi.bundles.defaultStartLevel=4 -Declipse.product=org.eclipse.jdt.ls.core.product -Djava.import.generatesMetadataFilesAtProjectRoot=false -Dfile.encoding=utf8 -DwatchParentProcess=false -XX:+UseParallelGC -XX:GCTimeRatio=4 -XX:AdaptiveSizePolicyWeight=90 -Dsun.zip.disableMemoryMapping=true -Xmx1G -Xms100m -XX:+HeapDumpOnOutOfMemoryError -XX:HeapDumpPath=c:\Users\Teran Neranga\AppData\Roaming\Code\User\workspaceStorage\9f63fe39b5ce3ba04bab65bd5b444a6d\redhat.java c:\Users\Teran Neranga\.vscode\extensions\redhat.java-1.7.0-win32-x64\server\plugins\org.eclipse.equinox.launcher_1.6.400.v20210924-0641.jar -configuration c:\Users\Teran Neranga\AppData\Roaming\Code\User\globalStorage\redhat.java\1.7.0\config_win -data c:\Users\Teran Neranga\AppData\Roaming\Code\User\workspaceStorage\9f63fe39b5ce3ba04bab65bd5b444a6d\redhat.java\jdt_ws

Host: Intel(R) Core(TM) i3-7100U CPU @ 2.40GHz, 4 cores, 11G,  Windows 10 , 64 bit Build 19041 (10.0.19041.1706)
Time: Tue Jun 14 18:10:23 2022 Sri Lanka Standard Time elapsed time: 14.769541 seconds (0d 0h 0m 14s)

---------------  T H R E A D  ---------------

Current thread (0x00000219356eb3a0):  JavaThread "C2 CompilerThread0" daemon [_thread_in_native, id=13816, stack(0x000000bc40000000,0x000000bc40100000)]


Current CompileTask:
C2:  14769 2508       4       org.eclipse.osgi.internal.framework.FilterImpl$Item::compare (347 bytes)

Stack: [0x000000bc40000000,0x000000bc40100000]
Native frames: (J=compiled Java code, j=interpreted, Vv=VM code, C=native code)
V  [jvm.dll+0x675efa]
V  [jvm.dll+0x830a24]
V  [jvm.dll+0x8321ce]
V  [jvm.dll+0x832833]
V  [jvm.dll+0x2454b5]
V  [jvm.dll+0xabd7b]
V  [jvm.dll+0xac30c]
V  [jvm.dll+0x363627]
V  [jvm.dll+0x32dca1]
V  [jvm.dll+0x32d14a]
V  [jvm.dll+0x218361]
V  [jvm.dll+0x217781]
V  [jvm.dll+0x1a3ccd]
V  [jvm.dll+0x227178]
V  [jvm.dll+0x2252bc]
V  [jvm.dll+0x7e673b]
V  [jvm.dll+0x7e0cfa]
V  [jvm.dll+0x674d85]
C  [ucrtbase.dll+0x21bb2]
C  [KERNEL32.DLL+0x17034]
C  [ntdll.dll+0x52651]


---------------  P R O C E S S  ---------------

Threads class SMR info:
_java_thread_list=0x00000219397f9ab0, length=23, elements={
0x00000219218977b0, 0x00000219356a5760, 0x00000219356a6f00, 0x00000219356df010,
0x00000219356e1ca0, 0x00000219356e3fd0, 0x00000219356e7b50, 0x00000219356eb3a0,
0x00000219356f2a40, 0x00000219356ef860, 0x00000219371fd260, 0x0000021937356380,
0x00000219378e6e90, 0x00000219378e7360, 0x00000219378e7830, 0x00000219378e7d00,
0x00000219378dd5f0, 0x00000219379861f0, 0x0000021937986970, 0x0000021937c80730,
0x0000021937c80c00, 0x0000021937c7f8c0, 0x0000021937c81a70
}

Java Threads: ( => current thread )
  0x00000219218977b0 JavaThread "main" [_thread_blocked, id=8072, stack(0x000000bc3f700000,0x000000bc3f800000)]
  0x00000219356a5760 JavaThread "Reference Handler" daemon [_thread_blocked, id=9312, stack(0x000000bc3fa00000,0x000000bc3fb00000)]
  0x00000219356a6f00 JavaThread "Finalizer" daemon [_thread_blocked, id=4968, stack(0x000000bc3fb00000,0x000000bc3fc00000)]
  0x00000219356df010 JavaThread "Signal Dispatcher" daemon [_thread_blocked, id=10364, stack(0x000000bc3fc00000,0x000000bc3fd00000)]
  0x00000219356e1ca0 JavaThread "Attach Listener" daemon [_thread_blocked, id=7588, stack(0x000000bc3fd00000,0x000000bc3fe00000)]
  0x00000219356e3fd0 JavaThread "Service Thread" daemon [_thread_blocked, id=11884, stack(0x000000bc3fe00000,0x000000bc3ff00000)]
  0x00000219356e7b50 JavaThread "Monitor Deflation Thread" daemon [_thread_blocked, id=11940, stack(0x000000bc3ff00000,0x000000bc40000000)]
=>0x00000219356eb3a0 JavaThread "C2 CompilerThread0" daemon [_thread_in_native, id=13816, stack(0x000000bc40000000,0x000000bc40100000)]
  0x00000219356f2a40 JavaThread "C1 CompilerThread0" daemon [_thread_blocked, id=12644, stack(0x000000bc40100000,0x000000bc40200000)]
  0x00000219356ef860 JavaThread "Sweeper thread" daemon [_thread_blocked, id=12400, stack(0x000000bc40200000,0x000000bc40300000)]
  0x00000219371fd260 JavaThread "Common-Cleaner" daemon [_thread_blocked, id=12320, stack(0x000000bc40300000,0x000000bc40400000)]
  0x0000021937356380 JavaThread "Notification Thread" daemon [_thread_blocked, id=7476, stack(0x000000bc40500000,0x000000bc40600000)]
  0x00000219378e6e90 JavaThread "Equinox resolver thread - Equinox Container: 7a1988d3-a8a3-4a8d-a2c3-89ea9c2458f3" daemon [_thread_blocked, id=12028, stack(0x000000bc40400000,0x000000bc40500000)]
  0x00000219378e7360 JavaThread "Equinox resolver thread - Equinox Container: 7a1988d3-a8a3-4a8d-a2c3-89ea9c2458f3" daemon [_thread_blocked, id=13612, stack(0x000000bc40700000,0x000000bc40800000)]
  0x00000219378e7830 JavaThread "Equinox resolver thread - Equinox Container: 7a1988d3-a8a3-4a8d-a2c3-89ea9c2458f3" daemon [_thread_blocked, id=10856, stack(0x000000bc40800000,0x000000bc40900000)]
  0x00000219378e7d00 JavaThread "Equinox resolver thread - Equinox Container: 7a1988d3-a8a3-4a8d-a2c3-89ea9c2458f3" daemon [_thread_blocked, id=10724, stack(0x000000bc40900000,0x000000bc40a00000)]
  0x00000219378dd5f0 JavaThread "Active Thread: Equinox Container: 7a1988d3-a8a3-4a8d-a2c3-89ea9c2458f3" [_thread_blocked, id=7348, stack(0x000000bc40a00000,0x000000bc40b00000)]
  0x00000219379861f0 JavaThread "Framework Event Dispatcher: Equinox Container: 7a1988d3-a8a3-4a8d-a2c3-89ea9c2458f3" daemon [_thread_blocked, id=11872, stack(0x000000bc40e00000,0x000000bc40f00000)]
  0x0000021937986970 JavaThread "Start Level: Equinox Container: 7a1988d3-a8a3-4a8d-a2c3-89ea9c2458f3" daemon [_thread_in_Java, id=13436, stack(0x000000bc40f00000,0x000000bc41000000)]
  0x0000021937c80730 JavaThread "Refresh Thread: Equinox Container: 7a1988d3-a8a3-4a8d-a2c3-89ea9c2458f3" daemon [_thread_blocked, id=4408, stack(0x000000bc41000000,0x000000bc41100000)]
  0x0000021937c80c00 JavaThread "SCR Component Actor" daemon [_thread_blocked, id=4084, stack(0x000000bc41200000,0x000000bc41300000)]
  0x0000021937c7f8c0 JavaThread "Timer-0" [_thread_blocked, id=12292, stack(0x000000bc41300000,0x000000bc41400000)]
  0x0000021937c81a70 JavaThread "Worker-JM" [_thread_blocked, id=3440, stack(0x000000bc41100000,0x000000bc41200000)]

Other Threads:
  0x000002193568c8d0 VMThread "VM Thread" [stack: 0x000000bc3f900000,0x000000bc3fa00000] [id=1424]
  0x0000021937356ff0 WatcherThread [stack: 0x000000bc40600000,0x000000bc40700000] [id=888]
  0x00000219218ada20 GCTaskThread "GC Thread#0" [stack: 0x000000bc3f800000,0x000000bc3f900000] [id=9800]
  0x00000219377ecab0 GCTaskThread "GC Thread#1" [stack: 0x000000bc40b00000,0x000000bc40c00000] [id=9728]
  0x000002193791fb50 GCTaskThread "GC Thread#2" [stack: 0x000000bc40c00000,0x000000bc40d00000] [id=9960]
  0x000002193791fe00 GCTaskThread "GC Thread#3" [stack: 0x000000bc40d00000,0x000000bc40e00000] [id=13872]

Threads with active compile tasks:
C2 CompilerThread0    14956 2508       4       org.eclipse.osgi.internal.framework.FilterImpl$Item::compare (347 bytes)

VM state: not at safepoint (normal execution)

VM Mutex/Monitor currently owned by a thread: None

Heap address: 0x00000000c0000000, size: 1024 MB, Compressed Oops mode: 32-bit

CDS archive(s) not mapped
Compressed class space mapped at: 0x0000000100000000-0x0000000140000000, reserved size: 1073741824
Narrow klass base: 0x0000000000000000, Narrow klass shift: 3, Narrow klass range: 0x140000000

GC Precious Log:
 CPUs: 4 total, 4 available
 Memory: 12205M
 Large Page Support: Disabled
 NUMA Support: Disabled
 Compressed Oops: Enabled (32-bit)
 Alignments: Space 512K, Generation 512K, Heap 2M
 Heap Min Capacity: 100M
 Heap Initial Capacity: 100M
 Heap Max Capacity: 1G
 Pre-touch: Disabled
 Parallel Workers: 4

Heap:
 PSYoungGen      total 29696K, used 24932K [0x00000000eab00000, 0x00000000ecc00000, 0x0000000100000000)
  eden space 25600K, 81% used [0x00000000eab00000,0x00000000ebf5df20,0x00000000ec400000)
  from space 4096K, 99% used [0x00000000ec800000,0x00000000ecbfb1f0,0x00000000ecc00000)
  to   space 4096K, 0% used [0x00000000ec400000,0x00000000ec400000,0x00000000ec800000)
 ParOldGen       total 68608K, used 5741K [0x00000000c0000000, 0x00000000c4300000, 0x00000000eab00000)
  object space 68608K, 8% used [0x00000000c0000000,0x00000000c059b640,0x00000000c4300000)
 Metaspace       used 19173K, committed 19584K, reserved 1073152K
  class space    used 1931K, committed 2112K, reserved 1048576K

Card table byte_map: [0x0000021921250000,0x0000021921460000] _byte_map_base: 0x0000021920c50000

Marking Bits: (ParMarkBitMap*) 0x00007ffaef164b80
 Begin Bits: [0x0000021933520000, 0x0000021934520000)
 End Bits:   [0x0000021934520000, 0x0000021935520000)

Polling page: 0x000002191fa20000

Metaspace:

Usage:
  Non-class:     16.84 MB used.
      Class:      1.89 MB used.
       Both:     18.72 MB used.

Virtual space:
  Non-class space:       24.00 MB reserved,      17.06 MB ( 71%) committed,  3 nodes.
      Class space:        1.00 GB reserved,       2.06 MB ( <1%) committed,  1 nodes.
             Both:        1.02 GB reserved,      19.12 MB (  2%) committed. 

Chunk freelists:
   Non-Class:  2.05 MB
       Class:  1.97 MB
        Both:  4.02 MB

MaxMetaspaceSize: unlimited
CompressedClassSpaceSize: 1.00 GB
Initial GC threshold: 21.00 MB
Current GC threshold: 21.00 MB
CDS: off
MetaspaceReclaimPolicy: balanced
 - commit_granule_bytes: 65536.
 - commit_granule_words: 8192.
 - virtual_space_node_default_size: 1048576.
 - enlarge_chunks_in_place: 1.
 - new_chunks_are_fully_committed: 0.
 - uncommit_free_chunks: 1.
 - use_allocation_guard: 0.
 - handle_deallocations: 1.


Internal statistics:

num_allocs_failed_limit: 0.
num_arena_births: 124.
num_arena_deaths: 0.
num_vsnodes_births: 4.
num_vsnodes_deaths: 0.
num_space_committed: 306.
num_space_uncommitted: 0.
num_chunks_returned_to_freelist: 0.
num_chunks_taken_from_freelist: 502.
num_chunk_merges: 0.
num_chunk_splits: 322.
num_chunks_enlarged: 229.
num_purges: 0.
num_inconsistent_stats: 0.

CodeHeap 'non-profiled nmethods': size=120000Kb used=973Kb max_used=973Kb free=119026Kb
 bounds [0x000002192bff0000, 0x000002192c260000, 0x0000021933520000]
CodeHeap 'profiled nmethods': size=120000Kb used=5728Kb max_used=5728Kb free=114271Kb
 bounds [0x0000021924ac0000, 0x0000021925060000, 0x000002192bff0000]
CodeHeap 'non-nmethods': size=5760Kb used=1177Kb max_used=1276Kb free=4582Kb
 bounds [0x0000021924520000, 0x0000021924790000, 0x0000021924ac0000]
 total_blobs=3123 nmethods=2648 adapters=389
 compilation: enabled
              stopped_count=0, restarted_count=0
 full_count=0

Compilation events (20 events):
Event: 14.712 Thread 0x00000219356f2a40 2588       3       sun.util.locale.LocaleUtils::isAlphaString (33 bytes)
Event: 14.713 Thread 0x00000219356f2a40 nmethod 2588 0x000002192501ff90 code [0x00000219250201c0, 0x0000021925020ab8]
Event: 14.713 Thread 0x00000219356f2a40 2582       3       sun.util.locale.StringTokenIterator::next (74 bytes)
Event: 14.713 Thread 0x00000219356f2a40 nmethod 2582 0x0000021925020e10 code [0x0000021925020fe0, 0x00000219250213f8]
Event: 14.713 Thread 0x00000219356f2a40 2589       3       sun.util.locale.StringTokenIterator::hasNext (20 bytes)
Event: 14.713 Thread 0x00000219356f2a40 nmethod 2589 0x0000021925021590 code [0x0000021925021740, 0x00000219250219b8]
Event: 14.713 Thread 0x00000219356f2a40 2590       3       sun.util.locale.BaseLocale::<init> (76 bytes)
Event: 14.714 Thread 0x00000219356f2a40 nmethod 2590 0x0000021925021b10 code [0x0000021925021d20, 0x0000021925022128]
Event: 14.714 Thread 0x00000219356f2a40 2591       3       sun.util.locale.InternalLocaleBuilder::clearExtensions (50 bytes)
Event: 14.714 Thread 0x00000219356f2a40 nmethod 2591 0x0000021925022390 code [0x0000021925022560, 0x0000021925022968]
Event: 14.714 Thread 0x00000219356f2a40 2592       3       sun.util.locale.BaseLocale$Key::normalize (67 bytes)
Event: 14.715 Thread 0x00000219356f2a40 nmethod 2592 0x0000021925022a90 code [0x0000021925022c40, 0x0000021925022ec8]
Event: 14.715 Thread 0x00000219356f2a40 2584       1       sun.util.locale.LanguageTag::getLanguage (5 bytes)
Event: 14.715 Thread 0x00000219356f2a40 nmethod 2584 0x000002192c0e1d10 code [0x000002192c0e1ea0, 0x000002192c0e1f78]
Event: 14.715 Thread 0x00000219356f2a40 2585       1       sun.util.locale.LanguageTag::getScript (5 bytes)
Event: 14.715 Thread 0x00000219356f2a40 nmethod 2585 0x000002192c0e2010 code [0x000002192c0e21a0, 0x000002192c0e2278]
Event: 14.715 Thread 0x00000219356f2a40 2586       1       sun.util.locale.LanguageTag::getRegion (5 bytes)
Event: 14.715 Thread 0x00000219356f2a40 nmethod 2586 0x000002192c0e2310 code [0x000002192c0e24a0, 0x000002192c0e2578]
Event: 14.715 Thread 0x00000219356f2a40 2587       1       sun.util.locale.LanguageTag::getPrivateuse (5 bytes)
Event: 14.715 Thread 0x00000219356f2a40 nmethod 2587 0x000002192c0e2610 code [0x000002192c0e27a0, 0x000002192c0e2878]

GC Heap History (4 events):
Event: 10.078 GC heap before
{Heap before GC invocations=1 (full 0):
 PSYoungGen      total 29696K, used 25600K [0x00000000eab00000, 0x00000000ecc00000, 0x0000000100000000)
  eden space 25600K, 100% used [0x00000000eab00000,0x00000000ec400000,0x00000000ec400000)
  from space 4096K, 0% used [0x00000000ec800000,0x00000000ec800000,0x00000000ecc00000)
  to   space 4096K, 0% used [0x00000000ec400000,0x00000000ec400000,0x00000000ec800000)
 ParOldGen       total 68608K, used 0K [0x00000000c0000000, 0x00000000c4300000, 0x00000000eab00000)
  object space 68608K, 0% used [0x00000000c0000000,0x00000000c0000000,0x00000000c4300000)
 Metaspace       used 13097K, committed 13248K, reserved 1064960K
  class space    used 1335K, committed 1408K, reserved 1048576K
}
Event: 10.131 GC heap after
{Heap after GC invocations=1 (full 0):
 PSYoungGen      total 29696K, used 3336K [0x00000000eab00000, 0x00000000ecc00000, 0x0000000100000000)
  eden space 25600K, 0% used [0x00000000eab00000,0x00000000eab00000,0x00000000ec400000)
  from space 4096K, 81% used [0x00000000ec400000,0x00000000ec7422f8,0x00000000ec800000)
  to   space 4096K, 0% used [0x00000000ec800000,0x00000000ec800000,0x00000000ecc00000)
 ParOldGen       total 68608K, used 16K [0x00000000c0000000, 0x00000000c4300000, 0x00000000eab00000)
  object space 68608K, 0% used [0x00000000c0000000,0x00000000c0004000,0x00000000c4300000)
 Metaspace       used 13097K, committed 13248K, reserved 1064960K
  class space    used 1335K, committed 1408K, reserved 1048576K
}
Event: 12.978 GC heap before
{Heap before GC invocations=2 (full 0):
 PSYoungGen      total 29696K, used 28936K [0x00000000eab00000, 0x00000000ecc00000, 0x0000000100000000)
  eden space 25600K, 100% used [0x00000000eab00000,0x00000000ec400000,0x00000000ec400000)
  from space 4096K, 81% used [0x00000000ec400000,0x00000000ec7422f8,0x00000000ec800000)
  to   space 4096K, 0% used [0x00000000ec800000,0x00000000ec800000,0x00000000ecc00000)
 ParOldGen       total 68608K, used 16K [0x00000000c0000000, 0x00000000c4300000, 0x00000000eab00000)
  object space 68608K, 0% used [0x00000000c0000000,0x00000000c0004000,0x00000000c4300000)
 Metaspace       used 13660K, committed 13888K, reserved 1064960K
  class space    used 1375K, committed 1472K, reserved 1048576K
}
Event: 12.993 GC heap after
{Heap after GC invocations=2 (full 0):
 PSYoungGen      total 29696K, used 4076K [0x00000000eab00000, 0x00000000ecc00000, 0x0000000100000000)
  eden space 25600K, 0% used [0x00000000eab00000,0x00000000eab00000,0x00000000ec400000)
  from space 4096K, 99% used [0x00000000ec800000,0x00000000ecbfb1f0,0x00000000ecc00000)
  to   space 4096K, 0% used [0x00000000ec400000,0x00000000ec400000,0x00000000ec800000)
 ParOldGen       total 68608K, used 5741K [0x00000000c0000000, 0x00000000c4300000, 0x00000000eab00000)
  object space 68608K, 8% used [0x00000000c0000000,0x00000000c059b640,0x00000000c4300000)
 Metaspace       used 13660K, committed 13888K, reserved 1064960K
  class space    used 1375K, committed 1472K, reserved 1048576K
}

Deoptimization events (20 events):
Event: 14.403 Thread 0x0000021937986970 Uncommon trap: trap_request=0xffffffc6 fr.pc=0x000002192c07e2e8 relative=0x00000000000001c8
Event: 14.403 Thread 0x0000021937986970 Uncommon trap: reason=bimorphic_or_optimized_type_check action=maybe_recompile pc=0x000002192c07e2e8 method=java.util.Collections$UnmodifiableCollection$1.next()Ljava/lang/Object; @ 4 c2
Event: 14.404 Thread 0x0000021937986970 DEOPT PACKING pc=0x000002192c07e2e8 sp=0x000000bc40ffca10
Event: 14.404 Thread 0x0000021937986970 DEOPT UNPACKING pc=0x00000219245720a3 sp=0x000000bc40ffc9b8 mode 2
Event: 14.404 Thread 0x0000021937986970 Uncommon trap: trap_request=0xffffffde fr.pc=0x000002192c071e7c relative=0x000000000000007c
Event: 14.404 Thread 0x0000021937986970 Uncommon trap: reason=class_check action=maybe_recompile pc=0x000002192c071e7c method=java.util.Collections$3.hasMoreElements()Z @ 4 c2
Event: 14.404 Thread 0x0000021937986970 DEOPT PACKING pc=0x000002192c071e7c sp=0x000000bc40ffca70
Event: 14.404 Thread 0x0000021937986970 DEOPT UNPACKING pc=0x00000219245720a3 sp=0x000000bc40ffca00 mode 2
Event: 14.404 Thread 0x0000021937986970 Uncommon trap: trap_request=0xffffffc6 fr.pc=0x000002192c07cccc relative=0x00000000000000ac
Event: 14.404 Thread 0x0000021937986970 Uncommon trap: reason=bimorphic_or_optimized_type_check action=maybe_recompile pc=0x000002192c07cccc method=java.util.Collections$UnmodifiableCollection$1.hasNext()Z @ 4 c2
Event: 14.404 Thread 0x0000021937986970 DEOPT PACKING pc=0x000002192c07cccc sp=0x000000bc40ffca00
Event: 14.404 Thread 0x0000021937986970 DEOPT UNPACKING pc=0x00000219245720a3 sp=0x000000bc40ffc990 mode 2
Event: 14.404 Thread 0x0000021937986970 Uncommon trap: trap_request=0xffffffc6 fr.pc=0x000002192c07e2e8 relative=0x00000000000001c8
Event: 14.404 Thread 0x0000021937986970 Uncommon trap: reason=bimorphic_or_optimized_type_check action=maybe_recompile pc=0x000002192c07e2e8 method=java.util.Collections$UnmodifiableCollection$1.next()Ljava/lang/Object; @ 4 c2
Event: 14.404 Thread 0x0000021937986970 DEOPT PACKING pc=0x000002192c07e2e8 sp=0x000000bc40ffca10
Event: 14.404 Thread 0x0000021937986970 DEOPT UNPACKING pc=0x00000219245720a3 sp=0x000000bc40ffc9b8 mode 2
Event: 14.536 Thread 0x0000021937986970 Uncommon trap: trap_request=0xffffff45 fr.pc=0x000002192c097de0 relative=0x0000000000000bc0
Event: 14.536 Thread 0x0000021937986970 Uncommon trap: reason=unstable_if action=reinterpret pc=0x000002192c097de0 method=java.util.concurrent.ConcurrentHashMap.putVal(Ljava/lang/Object;Ljava/lang/Object;Z)Ljava/lang/Object; @ 148 c2
Event: 14.536 Thread 0x0000021937986970 DEOPT PACKING pc=0x000002192c097de0 sp=0x000000bc40ffc950
Event: 14.536 Thread 0x0000021937986970 DEOPT UNPACKING pc=0x00000219245720a3 sp=0x000000bc40ffc8d0 mode 2

Classes unloaded (0 events):
No events

Classes redefined (0 events):
No events

Internal exceptions (20 events):
Event: 9.095 Thread 0x00000219218977b0 Exception <a 'java/lang/ClassNotFoundException'{0x00000000eb654f48}: sun/net/www/protocol/c/Handler> (0x00000000eb654f48) 
thrown [e:\jenkins\tmp\workspace\build\src\src\hotspot\share\classfile\systemDictionary.cpp, line 256]
Event: 9.095 Thread 0x00000219218977b0 Exception <a 'java/lang/ClassNotFoundException'{0x00000000eb6560f0}: sun/net/www/protocol/c/Handler> (0x00000000eb6560f0) 
thrown [e:\jenkins\tmp\workspace\build\src\src\hotspot\share\classfile\systemDictionary.cpp, line 256]
Event: 9.108 Thread 0x00000219218977b0 Exception <a 'java/io/FileNotFoundException'{0x00000000eb677928}> (0x00000000eb677928) 
thrown [e:\jenkins\tmp\workspace\build\src\src\hotspot\share\prims\jni.cpp, line 516]
Event: 9.174 Thread 0x00000219218977b0 Implicit null exception at 0x000002192c014a40 to 0x000002192c015394
Event: 9.174 Thread 0x00000219218977b0 Implicit null exception at 0x000002192c0233ec to 0x000002192c0235ec
Event: 9.174 Thread 0x00000219218977b0 Implicit null exception at 0x000002192c021a6c to 0x000002192c021c4c
Event: 9.283 Thread 0x00000219218977b0 Exception <a 'java/lang/NoSuchMethodError'{0x00000000eb854050}: 'int java.lang.invoke.DirectMethodHandle$Holder.invokeStaticInit(java.lang.Object, java.lang.Object, java.lang.Object, java.lang.Object)'> (0x00000000eb854050) 
thrown [e:\jenkins\tmp\workspace\build\src\src\hotspot\share\interpreter\linkResolver.cpp, line 766]
Event: 9.285 Thread 0x00000219218977b0 Exception <a 'java/lang/NoSuchMethodError'{0x00000000eb85e6c0}: 'java.lang.Object java.lang.invoke.DirectMethodHandle$Holder.invokeInterface(java.lang.Object, java.lang.Object)'> (0x00000000eb85e6c0) 
thrown [e:\jenkins\tmp\workspace\build\src\src\hotspot\share\interpreter\linkResolver.cpp, line 766]
Event: 9.286 Thread 0x00000219218977b0 Exception <a 'java/lang/IncompatibleClassChangeError'{0x00000000eb861eb8}: Found class java.lang.Object, but interface was expected> (0x00000000eb861eb8) 
thrown [e:\jenkins\tmp\workspace\build\src\src\hotspot\share\interpreter\linkResolver.cpp, line 833]
Event: 9.288 Thread 0x00000219218977b0 Exception <a 'java/lang/NoSuchMethodError'{0x00000000eb864dd8}: 'void java.lang.invoke.DirectMethodHandle$Holder.invokeStatic(java.lang.Object, java.lang.Object)'> (0x00000000eb864dd8) 
thrown [e:\jenkins\tmp\workspace\build\src\src\hotspot\share\interpreter\linkResolver.cpp, line 766]
Event: 9.288 Thread 0x00000219218977b0 Exception <a 'java/lang/NoSuchMethodError'{0x00000000eb8685d8}: 'void java.lang.invoke.DirectMethodHandle$Holder.invokeStaticInit(java.lang.Object, java.lang.Object)'> (0x00000000eb8685d8) 
thrown [e:\jenkins\tmp\workspace\build\src\src\hotspot\share\interpreter\linkResolver.cpp, line 766]
Event: 9.291 Thread 0x00000219218977b0 Exception <a 'java/lang/NoSuchMethodError'{0x00000000eb86e178}: 'int java.lang.invoke.DirectMethodHandle$Holder.invokeStaticInit(java.lang.Object, java.lang.Object)'> (0x00000000eb86e178) 
thrown [e:\jenkins\tmp\workspace\build\src\src\hotspot\share\interpreter\linkResolver.cpp, line 766]
Event: 9.327 Thread 0x00000219218977b0 Exception <a 'java/lang/NoSuchMethodError'{0x00000000eb8be470}: 'java.lang.Object java.lang.invoke.DirectMethodHandle$Holder.invokeStaticInit(java.lang.Object, int, int, int, int)'> (0x00000000eb8be470) 
thrown [e:\jenkins\tmp\workspace\build\src\src\hotspot\share\interpreter\linkResolver.cpp, line 766]
Event: 9.471 Thread 0x00000219218977b0 Exception <a 'java/lang/NoSuchMethodError'{0x00000000eb9986c0}: 'java.lang.Object java.lang.invoke.DirectMethodHandle$Holder.invokeStaticInit(java.lang.Object, java.lang.Object, int, int, int, int)'> (0x00000000eb9986c0) 
thrown [e:\jenkins\tmp\workspace\build\src\src\hotspot\share\interpreter\linkResolver.cpp, line 766]
Event: 9.753 Thread 0x00000219218977b0 Exception <a 'java/lang/NoSuchMethodError'{0x00000000ebe05530}: 'int java.lang.invoke.DirectMethodHandle$Holder.invokeSpecial(java.lang.Object, java.lang.Object, java.lang.Object)'> (0x00000000ebe05530) 
thrown [e:\jenkins\tmp\workspace\build\src\src\hotspot\share\interpreter\linkResolver.cpp, line 766]
Event: 9.927 Thread 0x00000219218977b0 Exception <a 'java/lang/NoSuchMethodError'{0x00000000ec2654f0}: 'java.lang.Object java.lang.invoke.DirectMethodHandle$Holder.newInvokeSpecial(java.lang.Object, int, java.lang.Object)'> (0x00000000ec2654f0) 
thrown [e:\jenkins\tmp\workspace\build\src\src\hotspot\share\interpreter\linkResolver.cpp, line 766]
Event: 12.610 Thread 0x00000219218977b0 Exception <a 'java/lang/UnsatisfiedLinkError'{0x00000000ebd860c0}: 'void org.eclipse.equinox.launcher.JNIBridge._update_splash()'> (0x00000000ebd860c0) 
thrown [e:\jenkins\tmp\workspace\build\src\src\hotspot\share\prims\nativeLookup.cpp, line 543]
Event: 12.619 Thread 0x0000021937c80730 Exception <a 'java/lang/NoSuchMethodError'{0x00000000ebdbda20}: 'java.lang.Object java.lang.invoke.Invokers$Holder.invokeExact_MT(java.lang.Object, java.lang.Object, java.lang.Object, java.lang.Object, java.lang.Object, java.lang.Object)'> (0x00000000ebdbda20) 
thrown [e:\jenkins\tmp\workspace\build\src\src\hotspot\share\interpreter\linkResolver.cpp, line 766]
Event: 13.321 Thread 0x0000021937986970 Exception <a 'java/lang/NoSuchMethodError'{0x00000000eb1b9c58}: 'java.lang.Object java.lang.invoke.DirectMethodHandle$Holder.invokeStaticInit(java.lang.Object)'> (0x00000000eb1b9c58) 
thrown [e:\jenkins\tmp\workspace\build\src\src\hotspot\share\interpreter\linkResolver.cpp, line 766]
Event: 13.623 Thread 0x0000021937986970 Exception <a 'java/io/FileNotFoundException'{0x00000000eb4a9b30}> (0x00000000eb4a9b30) 
thrown [e:\jenkins\tmp\workspace\build\src\src\hotspot\share\prims\jni.cpp, line 516]

VM Operations (20 events):
Event: 9.880 Executing VM operation: Cleanup
Event: 9.880 Executing VM operation: Cleanup done
Event: 10.078 Executing VM operation: ParallelGCFailedAllocation
Event: 10.131 Executing VM operation: ParallelGCFailedAllocation done
Event: 11.141 Executing VM operation: Cleanup
Event: 11.141 Executing VM operation: Cleanup done
Event: 12.148 Executing VM operation: Cleanup
Event: 12.148 Executing VM operation: Cleanup done
Event: 12.614 Executing VM operation: HandshakeAllThreads
Event: 12.615 Executing VM operation: HandshakeAllThreads done
Event: 12.692 Executing VM operation: HandshakeAllThreads
Event: 12.702 Executing VM operation: HandshakeAllThreads done
Event: 12.978 Executing VM operation: ParallelGCFailedAllocation
Event: 12.995 Executing VM operation: ParallelGCFailedAllocation done
Event: 13.352 Executing VM operation: HandshakeAllThreads
Event: 13.352 Executing VM operation: HandshakeAllThreads done
Event: 13.682 Executing VM operation: ICBufferFull
Event: 13.682 Executing VM operation: ICBufferFull done
Event: 14.646 Executing VM operation: HandshakeAllThreads
Event: 14.646 Executing VM operation: HandshakeAllThreads done

Events (20 events):
Event: 14.692 loading class java/util/spi/LocaleNameProvider done
Event: 14.692 loading class java/util/spi/TimeZoneNameProvider
Event: 14.692 loading class java/util/spi/TimeZoneNameProvider done
Event: 14.692 loading class sun/util/locale/provider/CalendarDataUtility$CalendarWeekParameterGetter
Event: 14.692 loading class sun/util/locale/provider/LocaleServiceProviderPool$LocalizedObjectGetter
Event: 14.693 loading class sun/util/locale/provider/LocaleServiceProviderPool$LocalizedObjectGetter done
Event: 14.693 loading class sun/util/locale/provider/CalendarDataUtility$CalendarWeekParameterGetter done
Event: 14.693 loading class java/util/ResourceBundle$Control
Event: 14.694 loading class java/util/ResourceBundle$Control done
Event: 14.694 loading class java/util/ResourceBundle$Control$CandidateListCache
Event: 14.694 loading class java/util/ResourceBundle$Control$CandidateListCache done
Event: 14.694 loading class java/util/ResourceBundle$NoFallbackControl
Event: 14.694 loading class java/util/ResourceBundle$SingleFormatControl
Event: 14.694 loading class java/util/ResourceBundle$SingleFormatControl done
Event: 14.694 loading class java/util/ResourceBundle$NoFallbackControl done
Event: 14.695 loading class sun/util/cldr/CLDRCalendarDataProviderImpl
Event: 14.695 loading class sun/util/locale/provider/CalendarDataProviderImpl
Event: 14.695 loading class sun/util/locale/provider/CalendarDataProviderImpl done
Event: 14.695 loading class sun/util/cldr/CLDRCalendarDataProviderImpl done
Event: 14.701 Thread 0x0000021937c94ed0 Thread exited: 0x0000021937c94ed0


Dynamic libraries:
0x00007ff703c00000 - 0x00007ff703c0e000 	c:\Users\Teran Neranga\.vscode\extensions\redhat.java-1.7.0-win32-x64\jre\17.0.3-win32-x86_64\bin\java.exe
0x00007ffb2c170000 - 0x00007ffb2c365000 	C:\WINDOWS\SYSTEM32\ntdll.dll
0x00007ffb2b070000 - 0x00007ffb2b12d000 	C:\WINDOWS\System32\KERNEL32.DLL
0x00007ffb29c30000 - 0x00007ffb29efd000 	C:\WINDOWS\System32\KERNELBASE.dll
0x00007ffb29960000 - 0x00007ffb29a60000 	C:\WINDOWS\System32\ucrtbase.dll
0x00007ffb14b80000 - 0x00007ffb14b99000 	c:\Users\Teran Neranga\.vscode\extensions\redhat.java-1.7.0-win32-x64\jre\17.0.3-win32-x86_64\bin\VCRUNTIME140.dll
0x00007ffb187a0000 - 0x00007ffb187b8000 	c:\Users\Teran Neranga\.vscode\extensions\redhat.java-1.7.0-win32-x64\jre\17.0.3-win32-x86_64\bin\jli.dll
0x00007ffb2b130000 - 0x00007ffb2b2d0000 	C:\WINDOWS\System32\USER32.dll
0x00007ffb29a60000 - 0x00007ffb29a82000 	C:\WINDOWS\System32\win32u.dll
0x00007ffb2b950000 - 0x00007ffb2b97a000 	C:\WINDOWS\System32\GDI32.dll
0x00007ffb191e0000 - 0x00007ffb1947a000 	C:\WINDOWS\WinSxS\amd64_microsoft.windows.common-controls_6595b64144ccf1df_6.0.19041.1110_none_60b5254171f9507e\COMCTL32.dll
0x00007ffb29b20000 - 0x00007ffb29c2b000 	C:\WINDOWS\System32\gdi32full.dll
0x00007ffb2b710000 - 0x00007ffb2b7ae000 	C:\WINDOWS\System32\msvcrt.dll
0x00007ffb29f70000 - 0x00007ffb2a00d000 	C:\WINDOWS\System32\msvcp_win.dll
0x00007ffb2b980000 - 0x00007ffb2b9b0000 	C:\WINDOWS\System32\IMM32.DLL
0x00007ffb267f0000 - 0x00007ffb267fc000 	c:\Users\Teran Neranga\.vscode\extensions\redhat.java-1.7.0-win32-x64\jre\17.0.3-win32-x86_64\bin\vcruntime140_1.dll
0x00007ffafe220000 - 0x00007ffafe2b1000 	c:\Users\Teran Neranga\.vscode\extensions\redhat.java-1.7.0-win32-x64\jre\17.0.3-win32-x86_64\bin\msvcp140.dll
0x00007ffaee5e0000 - 0x00007ffaef228000 	c:\Users\Teran Neranga\.vscode\extensions\redhat.java-1.7.0-win32-x64\jre\17.0.3-win32-x86_64\bin\server\jvm.dll
0x00007ffb2b8a0000 - 0x00007ffb2b94e000 	C:\WINDOWS\System32\ADVAPI32.dll
0x00007ffb2aec0000 - 0x00007ffb2af5c000 	C:\WINDOWS\System32\sechost.dll
0x00007ffb2a4f0000 - 0x00007ffb2a615000 	C:\WINDOWS\System32\RPCRT4.dll
0x00007ffb2b9d0000 - 0x00007ffb2b9d8000 	C:\WINDOWS\System32\PSAPI.DLL
0x00007ffb1a3c0000 - 0x00007ffb1a3c9000 	C:\WINDOWS\SYSTEM32\WSOCK32.dll
0x00007ffb2b480000 - 0x00007ffb2b4eb000 	C:\WINDOWS\System32\WS2_32.dll
0x00007ffb18f10000 - 0x00007ffb18f37000 	C:\WINDOWS\SYSTEM32\WINMM.dll
0x00007ffb1c530000 - 0x00007ffb1c53a000 	C:\WINDOWS\SYSTEM32\VERSION.dll
0x00007ffb28110000 - 0x00007ffb28122000 	C:\WINDOWS\SYSTEM32\kernel.appcore.dll
0x00007ffb25a50000 - 0x00007ffb25a5a000 	c:\Users\Teran Neranga\.vscode\extensions\redhat.java-1.7.0-win32-x64\jre\17.0.3-win32-x86_64\bin\jimage.dll
0x00007ffb27630000 - 0x00007ffb27814000 	C:\WINDOWS\SYSTEM32\DBGHELP.DLL
0x00007ffb18e60000 - 0x00007ffb18e8c000 	C:\WINDOWS\SYSTEM32\dbgcore.DLL
0x00007ffb29a90000 - 0x00007ffb29b12000 	C:\WINDOWS\System32\bcryptPrimitives.dll
0x00007ffb14b50000 - 0x00007ffb14b75000 	c:\Users\Teran Neranga\.vscode\extensions\redhat.java-1.7.0-win32-x64\jre\17.0.3-win32-x86_64\bin\java.dll
0x00007ffb14b30000 - 0x00007ffb14b48000 	c:\Users\Teran Neranga\.vscode\extensions\redhat.java-1.7.0-win32-x64\jre\17.0.3-win32-x86_64\bin\zip.dll
0x00007ffb2b9e0000 - 0x00007ffb2c124000 	C:\WINDOWS\System32\SHELL32.dll
0x00007ffb27960000 - 0x00007ffb280f4000 	C:\WINDOWS\SYSTEM32\windows.storage.dll
0x00007ffb2a620000 - 0x00007ffb2a974000 	C:\WINDOWS\System32\combase.dll
0x00007ffb29270000 - 0x00007ffb2929c000 	C:\WINDOWS\SYSTEM32\Wldp.dll
0x00007ffb2a360000 - 0x00007ffb2a40d000 	C:\WINDOWS\System32\SHCORE.dll
0x00007ffb2a980000 - 0x00007ffb2a9d5000 	C:\WINDOWS\System32\shlwapi.dll
0x00007ffb297c0000 - 0x00007ffb297df000 	C:\WINDOWS\SYSTEM32\profapi.dll
0x00007ffb14b10000 - 0x00007ffb14b29000 	C:\Users\Teran Neranga\.vscode\extensions\redhat.java-1.7.0-win32-x64\jre\17.0.3-win32-x86_64\bin\net.dll
0x00007ffb1b670000 - 0x00007ffb1b77a000 	C:\WINDOWS\SYSTEM32\WINHTTP.dll
0x00007ffb28f70000 - 0x00007ffb28fda000 	C:\WINDOWS\system32\mswsock.dll
0x00007ffb12f00000 - 0x00007ffb12f15000 	C:\Users\Teran Neranga\.vscode\extensions\redhat.java-1.7.0-win32-x64\jre\17.0.3-win32-x86_64\bin\nio.dll
0x00007ffb29160000 - 0x00007ffb29178000 	C:\WINDOWS\SYSTEM32\CRYPTSP.dll
0x00007ffb288f0000 - 0x00007ffb28924000 	C:\WINDOWS\system32\rsaenh.dll
0x00007ffb29930000 - 0x00007ffb29957000 	C:\WINDOWS\System32\bcrypt.dll
0x00007ffb29740000 - 0x00007ffb2976e000 	C:\WINDOWS\SYSTEM32\USERENV.dll
0x00007ffb29180000 - 0x00007ffb2918c000 	C:\WINDOWS\SYSTEM32\CRYPTBASE.dll
0x00007ffb28c60000 - 0x00007ffb28c9b000 	C:\WINDOWS\SYSTEM32\IPHLPAPI.DLL
0x00007ffb2b700000 - 0x00007ffb2b708000 	C:\WINDOWS\System32\NSI.dll
0x00007ffb1c210000 - 0x00007ffb1c227000 	C:\WINDOWS\SYSTEM32\dhcpcsvc6.DLL
0x00007ffb1c410000 - 0x00007ffb1c42d000 	C:\WINDOWS\SYSTEM32\dhcpcsvc.DLL
0x00007ffb28ca0000 - 0x00007ffb28d6b000 	C:\WINDOWS\SYSTEM32\DNSAPI.dll
0x00007ffb12cb0000 - 0x00007ffb12cee000 	C:\Users\Teran Neranga\AppData\Roaming\Code\User\globalStorage\redhat.java\1.7.0\config_win\org.eclipse.equinox.launcher\org.eclipse.equinox.launcher.win32.win32.x86_64_1.2.400.v20211117-0650\eclipse_11602.dll
0x00007ffb2b5c0000 - 0x00007ffb2b6ea000 	C:\WINDOWS\System32\ole32.dll

dbghelp: loaded successfully - version: 4.0.5 - missing functions: none
symbol engine: initialized successfully - sym options: 0x614 - pdb path: .;c:\Users\Teran Neranga\.vscode\extensions\redhat.java-1.7.0-win32-x64\jre\17.0.3-win32-x86_64\bin;C:\WINDOWS\SYSTEM32;C:\WINDOWS\WinSxS\amd64_microsoft.windows.common-controls_6595b64144ccf1df_6.0.19041.1110_none_60b5254171f9507e;c:\Users\Teran Neranga\.vscode\extensions\redhat.java-1.7.0-win32-x64\jre\17.0.3-win32-x86_64\bin\server;C:\Users\Teran Neranga\AppData\Roaming\Code\User\globalStorage\redhat.java\1.7.0\config_win\org.eclipse.equinox.launcher\org.eclipse.equinox.launcher.win32.win32.x86_64_1.2.400.v20211117-0650

VM Arguments:
jvm_args: --add-modules=ALL-SYSTEM --add-opens=java.base/java.util=ALL-UNNAMED --add-opens=java.base/java.lang=ALL-UNNAMED --add-opens=java.base/sun.nio.fs=ALL-UNNAMED -Declipse.application=org.eclipse.jdt.ls.core.id1 -Dosgi.bundles.defaultStartLevel=4 -Declipse.product=org.eclipse.jdt.ls.core.product -Djava.import.generatesMetadataFilesAtProjectRoot=false -Dfile.encoding=utf8 -DwatchParentProcess=false -XX:+UseParallelGC -XX:GCTimeRatio=4 -XX:AdaptiveSizePolicyWeight=90 -Dsun.zip.disableMemoryMapping=true -Xmx1G -Xms100m -XX:+HeapDumpOnOutOfMemoryError -XX:HeapDumpPath=c:\Users\Teran Neranga\AppData\Roaming\Code\User\workspaceStorage\9f63fe39b5ce3ba04bab65bd5b444a6d\redhat.java 
java_command: c:\Users\Teran Neranga\.vscode\extensions\redhat.java-1.7.0-win32-x64\server\plugins\org.eclipse.equinox.launcher_1.6.400.v20210924-0641.jar -configuration c:\Users\Teran Neranga\AppData\Roaming\Code\User\globalStorage\redhat.java\1.7.0\config_win -data c:\Users\Teran Neranga\AppData\Roaming\Code\User\workspaceStorage\9f63fe39b5ce3ba04bab65bd5b444a6d\redhat.java\jdt_ws
java_class_path (initial): c:\Users\Teran Neranga\.vscode\extensions\redhat.java-1.7.0-win32-x64\server\plugins\org.eclipse.equinox.launcher_1.6.400.v20210924-0641.jar
Launcher Type: SUN_STANDARD

[Global flags]
    uintx AdaptiveSizePolicyWeight                 = 90                                        {product} {command line}
     intx CICompilerCount                          = 3                                         {product} {ergonomic}
    uintx GCTimeRatio                              = 4                                         {product} {command line}
     bool HeapDumpOnOutOfMemoryError               = true                                   {manageable} {command line}
    ccstr HeapDumpPath                             = c:\Users\Teran Neranga\AppData\Roaming\Code\User\workspaceStorage\9f63fe39b5ce3ba04bab65bd5b444a6d\redhat.java         {manageable} {command line}
   size_t InitialHeapSize                          = 104857600                                 {product} {command line}
   size_t MaxHeapSize                              = 1073741824                                {product} {command line}
   size_t MaxNewSize                               = 357564416                                 {product} {ergonomic}
   size_t MinHeapDeltaBytes                        = 524288                                    {product} {ergonomic}
   size_t MinHeapSize                              = 104857600                                 {product} {command line}
   size_t NewSize                                  = 34603008                                  {product} {ergonomic}
    uintx NonNMethodCodeHeapSize                   = 5832780                                {pd product} {ergonomic}
    uintx NonProfiledCodeHeapSize                  = 122912730                              {pd product} {ergonomic}
   size_t OldSize                                  = 70254592                                  {product} {ergonomic}
    uintx ProfiledCodeHeapSize                     = 122912730                              {pd product} {ergonomic}
    uintx ReservedCodeCacheSize                    = 251658240                              {pd product} {ergonomic}
     bool SegmentedCodeCache                       = true                                      {product} {ergonomic}
   size_t SoftMaxHeapSize                          = 1073741824                             {manageable} {ergonomic}
     bool UseCompressedClassPointers               = true                           {product lp64_product} {ergonomic}
     bool UseCompressedOops                        = true                           {product lp64_product} {ergonomic}
     bool UseLargePagesIndividualAllocation        = false                                  {pd product} {ergonomic}
     bool UseParallelGC                            = true                                      {product} {command line}

Logging:
Log output configuration:
 #0: stdout all=warning uptime,level,tags
 #1: stderr all=off uptime,level,tags

Environment Variables:
JAVA_HOME=C:\Program Files\Java\jdk-13
PATH=C:\Program Files (x86)\Common Files\Oracle\Java\javapath;C:\Program Files\Microsoft MPI\Bin\;"C:\Users\Teran Neranga\AppData\Local\Microsoft\WindowsApps;C:\Program Files\Java\jdk1.8.0_211\bin";C:\Program Files\apache-maven-3.6.1\bin;C:\Program Files (x86)\Microsoft SQL Server\130\Tools\Binn\;C:\Program Files\Microsoft SQL Server\130\Tools\Binn\;C:\Program Files (x86)\Microsoft SQL Server\130\DTS\Binn\;C:\Program Files\Microsoft SQL Server\130\DTS\Binn\;C:\Program Files\Microsoft SQL Server\Client SDK\ODBC\130\Tools\Binn\;C:\Program Files (x86)\Microsoft SQL Server\Client SDK\ODBC\130\Tools\Binn\;C:\Program Files (x86)\Microsoft SQL Server\140\Tools\Binn\;C:\Program Files (x86)\Microsoft SQL Server\140\DTS\Binn\;C:\Program Files (x86)\Microsoft SQL Server\140\Tools\Binn\ManagementStudio\;C:\WINDOWS\system32;C:\WINDOWS;C:\WINDOWS\System32\Wbem;C:\WINDOWS\System32\WindowsPowerShell\v1.0\;C:\WINDOWS\System32\OpenSSH\;C:\Program Files\MySQL\MySQL Server 5.5\bin;C:\Users\Teran Neranga\AppData\Local\Programs\Python\Python37;C:\ProgramData\chocolatey\bin;C:\Program Files\PowerShell\7-preview\preview;C:\Program Files (x86)\Microsoft SQL Server\110\DTS\Binn\;C:\Program Files (x86)\Microsoft SQL Server\120\DTS\Binn\;C:\Program Files\PuTTY\;C:\Program Files\Git\cmd;C:\Users\Teran Neranga\AppData\Local\Programs\Python\Python310;C:\Program Files\Java\jdk-13\bin;C:\Android;C:\Android\platform-tools;C:\Program Files\Microsoft SQL Server\150\Tools\Binn\;C:\Program Files\Microsoft SQL Server\Client SDK\ODBC\170\Tools\Binn\;C:\Program Files\dotnet\;C:\wamp64\bin\php\php7.4.26;C:\composer;C:\Program Files\nodejs\;C:\Users\Teran Neranga\AppData\Local\Programs\Python\Python38\Scripts\;C:\Users\Teran Neranga\AppData\Local\Programs\Python\Python38\;C:\Program Files\MySQL\MySQL Shell 8.0\bin\;C:\Users\Teran Neranga\AppData\Local\Programs\Microsoft VS Code\bin;C:\src\flutter\bin;C:\Users\Teran Neranga\AppData\Local\GitHubDesktop\bin;C:\Users\Teran Neranga\AppData\Local\Android\Sdk\platform
USERNAME=Teran Neranga
OS=Windows_NT
PROCESSOR_IDENTIFIER=Intel64 Family 6 Model 142 Stepping 9, GenuineIntel



---------------  S Y S T E M  ---------------

OS:
 Windows 10 , 64 bit Build 19041 (10.0.19041.1706)
OS uptime: 0 days 1:04 hours

CPU: total 4 (initial active 4) (2 cores per cpu, 2 threads per core) family 6 model 142 stepping 9 microcode 0xb4, cx8, cmov, fxsr, ht, mmx, 3dnowpref, sse, sse2, sse3, ssse3, sse4.1, sse4.2, popcnt, lzcnt, tsc, tscinvbit, avx, avx2, aes, erms, clmul, bmi1, bmi2, adx, fma, vzeroupper, clflush, clflushopt

Memory: 4k page, system-wide physical 12205M (4260M free)
TotalPageFile size 12205M (AvailPageFile size 16M)
current process WorkingSet (physical memory assigned to process): 134M, peak: 135M
current process commit charge ("private bytes"): 234M, peak: 235M

vm_info: OpenJDK 64-Bit Server VM (17.0.3+7) for windows-amd64 JRE (17.0.3+7), built on Apr 19 2022 16:55:35 by "" with MS VC++ 16.7 (VS2019)

END.
